\BOOKMARK [0][-]{chapter.1}{\376\377\0001\000\040\000F\000l\000o\000q\000u\000e\000t\000T\000o\000o\000l\000k\000i\000t}{}% 1
\BOOKMARK [1][-]{section.1.1}{\376\377\0001\000.\0001\000\040\000H\000o\000w\000\040\000t\000o\000\040\000I\000n\000s\000t\000a\000l\000l}{chapter.1}% 2
\BOOKMARK [1][-]{section.1.2}{\376\377\0001\000.\0002\000\040\000H\000o\000w\000\040\000t\000o\000\040\000R\000u\000n}{chapter.1}% 3
\BOOKMARK [0][-]{chapter.2}{\376\377\0002\000\040\000F\000i\000l\000e\000\040\000I\000n\000d\000e\000x}{}% 4
\BOOKMARK [1][-]{section.2.1}{\376\377\0002\000.\0001\000\040\000F\000i\000l\000e\000\040\000L\000i\000s\000t}{chapter.2}% 5
\BOOKMARK [0][-]{chapter.3}{\376\377\0003\000\040\000F\000i\000l\000e\000\040\000D\000o\000c\000u\000m\000e\000n\000t\000a\000t\000i\000o\000n}{}% 6
\BOOKMARK [1][-]{section.3.1}{\376\377\0003\000.\0001\000\040\000i\000n\000c\000l\000u\000d\000e\000/\000d\000i\000f\000f\000E\000q\000S\000o\000l\000v\000e\000r\000s\000.\000h\000\040\000F\000i\000l\000e\000\040\000R\000e\000f\000e\000r\000e\000n\000c\000e}{chapter.3}% 7
\BOOKMARK [2][-]{subsection.3.1.1}{\376\377\0003\000.\0001\000.\0001\000\040\000F\000u\000n\000c\000t\000i\000o\000n\000\040\000D\000o\000c\000u\000m\000e\000n\000t\000a\000t\000i\000o\000n}{section.3.1}% 8
\BOOKMARK [3][-]{subsubsection.3.1.1.1}{\376\377\0003\000.\0001\000.\0001\000.\0001\000\040\000b\000u\000l\000s\000t\000o\000\137\000f\000i\000n\000a\000l\000\137\000m\000a\000t\000r\000i\000x\000\137\000f\000l\000o\000q\000u\000e\000t\000\137\000t\000y\000p\000e\000\137\000r\000e\000a\000l\000\050\000\051}{subsection.3.1.1}% 9
\BOOKMARK [3][-]{subsubsection.3.1.1.2}{\376\377\0003\000.\0001\000.\0001\000.\0002\000\040\000r\000k\0004\000\137\000a\000d\000a\000p\000t\000i\000v\000e\000\137\000f\000i\000n\000a\000l\000\137\000m\000a\000t\000r\000i\000x\000\137\000f\000l\000o\000q\000u\000e\000t\000\137\000t\000y\000p\000e\000\137\000r\000e\000a\000l\000\050\000\051}{subsection.3.1.1}% 10
\BOOKMARK [3][-]{subsubsection.3.1.1.3}{\376\377\0003\000.\0001\000.\0001\000.\0003\000\040\000r\000k\0004\000\137\000f\000i\000x\000e\000d\000\137\000f\000i\000n\000a\000l\000\137\000m\000a\000t\000r\000i\000x\000\137\000f\000l\000o\000q\000u\000e\000t\000\137\000t\000y\000p\000e\000\137\000c\000o\000m\000p\000l\000e\000x\000\050\000\051}{subsection.3.1.1}% 11
\BOOKMARK [3][-]{subsubsection.3.1.1.4}{\376\377\0003\000.\0001\000.\0001\000.\0004\000\040\000r\000k\0004\000\137\000f\000i\000x\000e\000d\000\137\000f\000i\000n\000a\000l\000\137\000m\000a\000t\000r\000i\000x\000\137\000f\000l\000o\000q\000u\000e\000t\000\137\000t\000y\000p\000e\000\137\000r\000e\000a\000l\000\050\000\051}{subsection.3.1.1}% 12
\BOOKMARK [3][-]{subsubsection.3.1.1.5}{\376\377\0003\000.\0001\000.\0001\000.\0005\000\040\000r\000k\0004\000\137\000f\000i\000x\000e\000d\000\137\000f\000i\000n\000a\000l\000\137\000v\000e\000c\000t\000o\000r\000\137\000r\000e\000a\000l\000\050\000\051}{subsection.3.1.1}% 13
\BOOKMARK [1][-]{section.3.2}{\376\377\0003\000.\0002\000\040\000d\000i\000f\000f\000E\000q\000S\000o\000l\000v\000e\000r\000s\000.\000h}{chapter.3}% 14
\BOOKMARK [1][-]{section.3.3}{\376\377\0003\000.\0003\000\040\000i\000n\000c\000l\000u\000d\000e\000/\000f\000l\000o\000q\000u\000e\000t\000.\000h\000\040\000F\000i\000l\000e\000\040\000R\000e\000f\000e\000r\000e\000n\000c\000e}{chapter.3}% 15
\BOOKMARK [2][-]{subsection.3.3.1}{\376\377\0003\000.\0003\000.\0001\000\040\000F\000u\000n\000c\000t\000i\000o\000n\000\040\000D\000o\000c\000u\000m\000e\000n\000t\000a\000t\000i\000o\000n}{section.3.3}% 16
\BOOKMARK [3][-]{subsubsection.3.3.1.1}{\376\377\0003\000.\0003\000.\0001\000.\0001\000\040\000f\000l\000o\000q\000u\000e\000t\000\137\000g\000e\000t\000\137\000s\000t\000a\000b\000i\000l\000i\000t\000y\000\137\000a\000r\000r\000a\000y\000\137\000r\000e\000a\000l\000\137\000d\000o\000u\000b\000l\000e\000\137\000p\000a\000r\000a\000m\000\137\000g\000e\000n\000e\000r\000a\000l\000\050\000\051}{subsection.3.3.1}% 17
\BOOKMARK [3][-]{subsubsection.3.3.1.2}{\376\377\0003\000.\0003\000.\0001\000.\0002\000\040\000f\000l\000o\000q\000u\000e\000t\000\137\000g\000e\000t\000\137\000s\000t\000a\000b\000i\000l\000i\000t\000y\000\137\000a\000r\000r\000a\000y\000\137\000r\000e\000a\000l\000\137\000s\000i\000n\000g\000l\000e\000\137\000p\000a\000r\000a\000m\000\137\000g\000e\000n\000e\000r\000a\000l\000\050\000\051}{subsection.3.3.1}% 18
\BOOKMARK [3][-]{subsubsection.3.3.1.3}{\376\377\0003\000.\0003\000.\0001\000.\0003\000\040\000f\000l\000o\000q\000u\000e\000t\000\137\000g\000e\000t\000\137\000s\000t\000a\000b\000i\000l\000i\000t\000y\000\137\000r\000e\000a\000l\000s\000\137\000g\000e\000n\000e\000r\000a\000l\000\050\000\051}{subsection.3.3.1}% 19
\BOOKMARK [1][-]{section.3.4}{\376\377\0003\000.\0004\000\040\000f\000l\000o\000q\000u\000e\000t\000.\000h}{chapter.3}% 20
\BOOKMARK [1][-]{section.3.5}{\376\377\0003\000.\0005\000\040\000s\000r\000c\000/\000d\000i\000f\000f\000E\000q\000S\000o\000l\000v\000e\000r\000s\000.\000c\000\040\000F\000i\000l\000e\000\040\000R\000e\000f\000e\000r\000e\000n\000c\000e}{chapter.3}% 21
\BOOKMARK [2][-]{subsection.3.5.1}{\376\377\0003\000.\0005\000.\0001\000\040\000F\000u\000n\000c\000t\000i\000o\000n\000\040\000D\000o\000c\000u\000m\000e\000n\000t\000a\000t\000i\000o\000n}{section.3.5}% 22
\BOOKMARK [3][-]{subsubsection.3.5.1.1}{\376\377\0003\000.\0005\000.\0001\000.\0001\000\040\000b\000u\000l\000s\000t\000o\000\137\000f\000i\000n\000a\000l\000\137\000m\000a\000t\000r\000i\000x\000\137\000f\000l\000o\000q\000u\000e\000t\000\137\000t\000y\000p\000e\000\137\000r\000e\000a\000l\000\050\000\051}{subsection.3.5.1}% 23
\BOOKMARK [3][-]{subsubsection.3.5.1.2}{\376\377\0003\000.\0005\000.\0001\000.\0002\000\040\000r\000k\0004\000\137\000a\000d\000a\000p\000t\000i\000v\000e\000\137\000f\000i\000n\000a\000l\000\137\000m\000a\000t\000r\000i\000x\000\137\000f\000l\000o\000q\000u\000e\000t\000\137\000t\000y\000p\000e\000\137\000r\000e\000a\000l\000\050\000\051}{subsection.3.5.1}% 24
\BOOKMARK [3][-]{subsubsection.3.5.1.3}{\376\377\0003\000.\0005\000.\0001\000.\0003\000\040\000r\000k\0004\000\137\000f\000i\000x\000e\000d\000\137\000f\000i\000n\000a\000l\000\137\000m\000a\000t\000r\000i\000x\000\137\000f\000l\000o\000q\000u\000e\000t\000\137\000t\000y\000p\000e\000\137\000c\000o\000m\000p\000l\000e\000x\000\050\000\051}{subsection.3.5.1}% 25
\BOOKMARK [3][-]{subsubsection.3.5.1.4}{\376\377\0003\000.\0005\000.\0001\000.\0004\000\040\000r\000k\0004\000\137\000f\000i\000x\000e\000d\000\137\000f\000i\000n\000a\000l\000\137\000m\000a\000t\000r\000i\000x\000\137\000f\000l\000o\000q\000u\000e\000t\000\137\000t\000y\000p\000e\000\137\000r\000e\000a\000l\000\050\000\051}{subsection.3.5.1}% 26
\BOOKMARK [3][-]{subsubsection.3.5.1.5}{\376\377\0003\000.\0005\000.\0001\000.\0005\000\040\000r\000k\0004\000\137\000f\000i\000x\000e\000d\000\137\000f\000i\000n\000a\000l\000\137\000v\000e\000c\000t\000o\000r\000\137\000r\000e\000a\000l\000\050\000\051}{subsection.3.5.1}% 27
\BOOKMARK [1][-]{section.3.6}{\376\377\0003\000.\0006\000\040\000d\000i\000f\000f\000E\000q\000S\000o\000l\000v\000e\000r\000s\000.\000c}{chapter.3}% 28
\BOOKMARK [1][-]{section.3.7}{\376\377\0003\000.\0007\000\040\000s\000r\000c\000/\000f\000l\000o\000q\000u\000e\000t\000.\000c\000\040\000F\000i\000l\000e\000\040\000R\000e\000f\000e\000r\000e\000n\000c\000e}{chapter.3}% 29
\BOOKMARK [2][-]{subsection.3.7.1}{\376\377\0003\000.\0007\000.\0001\000\040\000F\000u\000n\000c\000t\000i\000o\000n\000\040\000D\000o\000c\000u\000m\000e\000n\000t\000a\000t\000i\000o\000n}{section.3.7}% 30
\BOOKMARK [3][-]{subsubsection.3.7.1.1}{\376\377\0003\000.\0007\000.\0001\000.\0001\000\040\000f\000l\000o\000q\000u\000e\000t\000\137\000g\000e\000t\000\137\000s\000t\000a\000b\000i\000l\000i\000t\000y\000\137\000a\000r\000r\000a\000y\000\137\000r\000e\000a\000l\000\137\000d\000o\000u\000b\000l\000e\000\137\000p\000a\000r\000a\000m\000\137\000g\000e\000n\000e\000r\000a\000l\000\050\000\051}{subsection.3.7.1}% 31
\BOOKMARK [3][-]{subsubsection.3.7.1.2}{\376\377\0003\000.\0007\000.\0001\000.\0002\000\040\000f\000l\000o\000q\000u\000e\000t\000\137\000g\000e\000t\000\137\000s\000t\000a\000b\000i\000l\000i\000t\000y\000\137\000a\000r\000r\000a\000y\000\137\000r\000e\000a\000l\000\137\000s\000i\000n\000g\000l\000e\000\137\000p\000a\000r\000a\000m\000\137\000g\000e\000n\000e\000r\000a\000l\000\050\000\051}{subsection.3.7.1}% 32
\BOOKMARK [3][-]{subsubsection.3.7.1.3}{\376\377\0003\000.\0007\000.\0001\000.\0003\000\040\000f\000l\000o\000q\000u\000e\000t\000\137\000g\000e\000t\000\137\000s\000t\000a\000b\000i\000l\000i\000t\000y\000\137\000r\000e\000a\000l\000s\000\137\000g\000e\000n\000e\000r\000a\000l\000\050\000\051}{subsection.3.7.1}% 33
\BOOKMARK [1][-]{section.3.8}{\376\377\0003\000.\0008\000\040\000f\000l\000o\000q\000u\000e\000t\000.\000c}{chapter.3}% 34
\BOOKMARK [1][-]{section.3.9}{\376\377\0003\000.\0009\000\040\000s\000r\000c\000/\000h\000i\000l\000l\000\137\000m\000e\000i\000s\000s\000n\000e\000r\000.\000c\000\040\000F\000i\000l\000e\000\040\000R\000e\000f\000e\000r\000e\000n\000c\000e}{chapter.3}% 35
\BOOKMARK [1][-]{section.3.10}{\376\377\0003\000.\0001\0000\000\040\000h\000i\000l\000l\000\137\000m\000e\000i\000s\000s\000n\000e\000r\000.\000c}{chapter.3}% 36
\BOOKMARK [1][-]{section.3.11}{\376\377\0003\000.\0001\0001\000\040\000s\000r\000c\000/\000h\000i\000l\000l\000\137\000m\000e\000i\000s\000s\000n\000e\000r\000\137\000d\000a\000m\000p\000e\000d\0001\000.\000c\000\040\000F\000i\000l\000e\000\040\000R\000e\000f\000e\000r\000e\000n\000c\000e}{chapter.3}% 37
\BOOKMARK [1][-]{section.3.12}{\376\377\0003\000.\0001\0002\000\040\000h\000i\000l\000l\000\137\000m\000e\000i\000s\000s\000n\000e\000r\000\137\000d\000a\000m\000p\000e\000d\0001\000.\000c}{chapter.3}% 38
\BOOKMARK [1][-]{section.3.13}{\376\377\0003\000.\0001\0003\000\040\000s\000r\000c\000/\000h\000i\000l\000l\000\137\000m\000e\000i\000s\000s\000n\000e\000r\000\137\000d\000a\000m\000p\000e\000d\0002\000.\000c\000\040\000F\000i\000l\000e\000\040\000R\000e\000f\000e\000r\000e\000n\000c\000e}{chapter.3}% 39
\BOOKMARK [1][-]{section.3.14}{\376\377\0003\000.\0001\0004\000\040\000h\000i\000l\000l\000\137\000m\000e\000i\000s\000s\000n\000e\000r\000\137\000d\000a\000m\000p\000e\000d\0002\000.\000c}{chapter.3}% 40
\BOOKMARK [1][-]{section.3.15}{\376\377\0003\000.\0001\0005\000\040\000s\000r\000c\000/\000m\000a\000t\000h\000i\000e\000u\000\137\000d\000a\000m\000p\000e\000d\000\137\000k\000\137\0000\000\137\0001\000.\000c\000\040\000F\000i\000l\000e\000\040\000R\000e\000f\000e\000r\000e\000n\000c\000e}{chapter.3}% 41
\BOOKMARK [1][-]{section.3.16}{\376\377\0003\000.\0001\0006\000\040\000m\000a\000t\000h\000i\000e\000u\000\137\000d\000a\000m\000p\000e\000d\000\137\000k\000\137\0000\000\137\0001\000.\000c}{chapter.3}% 42
\BOOKMARK [1][-]{section.3.17}{\376\377\0003\000.\0001\0007\000\040\000s\000r\000c\000/\000m\000a\000t\000h\000i\000e\000u\000\137\000d\000a\000m\000p\000e\000d\000\137\000k\000\137\0000\000\137\0005\000.\000c\000\040\000F\000i\000l\000e\000\040\000R\000e\000f\000e\000r\000e\000n\000c\000e}{chapter.3}% 43
\BOOKMARK [1][-]{section.3.18}{\376\377\0003\000.\0001\0008\000\040\000m\000a\000t\000h\000i\000e\000u\000\137\000d\000a\000m\000p\000e\000d\000\137\000k\000\137\0000\000\137\0005\000.\000c}{chapter.3}% 44
\BOOKMARK [1][-]{section.3.19}{\376\377\0003\000.\0001\0009\000\040\000s\000r\000c\000/\000m\000a\000t\000h\000i\000e\000u\000\137\000d\000a\000m\000p\000e\000d\000\137\000k\000\137\0001\000.\000c\000\040\000F\000i\000l\000e\000\040\000R\000e\000f\000e\000r\000e\000n\000c\000e}{chapter.3}% 45
\BOOKMARK [1][-]{section.3.20}{\376\377\0003\000.\0002\0000\000\040\000m\000a\000t\000h\000i\000e\000u\000\137\000d\000a\000m\000p\000e\000d\000\137\000k\000\137\0001\000.\000c}{chapter.3}% 46
\BOOKMARK [1][-]{section.3.21}{\376\377\0003\000.\0002\0001\000\040\000s\000r\000c\000/\000m\000a\000t\000h\000i\000e\000u\000\137\000d\000a\000m\000p\000e\000d\000\137\000k\000\137\0001\0000\000.\000c\000\040\000F\000i\000l\000e\000\040\000R\000e\000f\000e\000r\000e\000n\000c\000e}{chapter.3}% 47
\BOOKMARK [1][-]{section.3.22}{\376\377\0003\000.\0002\0002\000\040\000m\000a\000t\000h\000i\000e\000u\000\137\000d\000a\000m\000p\000e\000d\000\137\000k\000\137\0001\0000\000.\000c}{chapter.3}% 48
\BOOKMARK [1][-]{section.3.23}{\376\377\0003\000.\0002\0003\000\040\000s\000r\000c\000/\000m\000a\000t\000h\000i\000e\000u\000\137\000u\000n\000d\000a\000m\000p\000e\000d\000.\000c\000\040\000F\000i\000l\000e\000\040\000R\000e\000f\000e\000r\000e\000n\000c\000e}{chapter.3}% 49
\BOOKMARK [1][-]{section.3.24}{\376\377\0003\000.\0002\0004\000\040\000m\000a\000t\000h\000i\000e\000u\000\137\000u\000n\000d\000a\000m\000p\000e\000d\000.\000c}{chapter.3}% 50
\BOOKMARK [1][-]{section.3.25}{\376\377\0003\000.\0002\0005\000\040\000s\000r\000c\000/\000p\000o\000p\000u\000l\000a\000t\000i\000o\000n\000\137\000d\000y\000n\000a\000m\000i\000c\000s\000.\000c\000\040\000F\000i\000l\000e\000\040\000R\000e\000f\000e\000r\000e\000n\000c\000e}{chapter.3}% 51
\BOOKMARK [1][-]{section.3.26}{\376\377\0003\000.\0002\0006\000\040\000p\000o\000p\000u\000l\000a\000t\000i\000o\000n\000\137\000d\000y\000n\000a\000m\000i\000c\000s\000.\000c}{chapter.3}% 52
\BOOKMARK [0][-]{section*.23}{\376\377\000I\000n\000d\000e\000x}{}% 53
